[2025-10-21T14:43:07.991] [DEBUG] debug-file - env: nodejsVersion=v18.20.1
[2025-10-21T14:43:08.141] [DEBUG] debug-file - env: daemon=true
[2025-10-21T14:43:07.994] [DEBUG] debug-file - env: hvigor-config.json5 content = {
  modelVersion: '5.1.0',
  dependencies: {},
  execution: {},
  logging: {},
  debugging: {},
  nodeOptions: {}
}
[2025-10-21T14:43:09.149] [DEBUG] debug-file - java daemon tryConnect failed Error: connect ECONNREFUSED 127.0.0.1:45050
[2025-10-21T14:43:09.162] [DEBUG] debug-file - java daemon started at port 45050 pid 1924
[2025-10-21T14:43:09.197] [DEBUG] debug-file - session manager: set active socket. socketId=EpCT0EVU7cCeNqQxAAAB
[2025-10-21T14:43:10.173] [DEBUG] debug-file - watch worker: worker id should be larger than 0. Nothing will be sent to any worker thread.
[2025-10-21T14:43:10.189] [DEBUG] debug-file - Hvigor init with startParameters:{
  hvigorfileTypeCheck: false,
  parallelExecution: true,
  incrementalExecution: true,
  printStackTrace: false,
  daemon: true,
  analyze: 0,
  logLevel: Level { level: 20000, levelStr: 'INFO', colour: 'green' },
  optimizationStrategy: 'memory',
  hotCompile: undefined,
  hotReloadBuild: undefined
}
[2025-10-21T14:43:10.190] [DEBUG] debug-file - Since current hvigor version 6.0.6 differs from last hvigor version 
      undefined, delete file-cache.json and task-cache.json.
[2025-10-21T14:43:10.191] [DEBUG] debug-file - Cache service initialization finished in 2 ms 
[2025-10-21T14:43:10.194] [DEBUG] debug-file - hvigorfile, resolving D:\Code-Sample\MyCode\form_formManager_xxy\code\DocsSample\Form\FormManagerDemo\hvigorfile.ts
[2025-10-21T14:43:12.311] [DEBUG] debug-file - hvigorfile, require result:  { default: { plugins: [] } }
[2025-10-21T14:43:12.311] [DEBUG] debug-file - hvigorfile, binding system plugins null
[2025-10-21T14:43:12.545] [DEBUG] debug-file - Start initialize project's product build option map with build mode debug.
[2025-10-21T14:43:12.545] [DEBUG] debug-file - Picking option from product 'default' with build mode 'debug'.
[2025-10-21T14:43:12.546] [DEBUG] debug-file - Product 'default' build option initialized
[2025-10-21T14:43:12.546] [DEBUG] debug-file - End initialize project's product build option map with build mode 'debug'.
[2025-10-21T14:43:12.550] [DEBUG] debug-file - Obtain build option for product 'default'in this build.
[2025-10-21T14:43:12.559] [DEBUG] debug-file - No signingConfig found, initRemoteHspCache failed.
[2025-10-21T14:43:12.566] [DEBUG] debug-file - Start recording SDK configuration permission data.
[2025-10-21T14:43:12.610] [DEBUG] debug-file - Sdk init in 50 ms 
[2025-10-21T14:43:12.617] [DEBUG] debug-file - Project task initialization takes 5 ms 
[2025-10-21T14:43:12.617] [DEBUG] debug-file - hvigorfile, binding custom plugins []
[2025-10-21T14:43:12.617] [DEBUG] debug-file - hvigorfile, no custom plugins were found in D:\Code-Sample\MyCode\form_formManager_xxy\code\DocsSample\Form\FormManagerDemo\hvigorfile.ts
[2025-10-21T14:43:12.617] [DEBUG] debug-file - hvigorfile, resolve finished D:\Code-Sample\MyCode\form_formManager_xxy\code\DocsSample\Form\FormManagerDemo\hvigorfile.ts
[2025-10-21T14:43:12.618] [DEBUG] debug-file - hvigorfile, resolving D:\Code-Sample\MyCode\form_formManager_xxy\code\DocsSample\Form\FormManagerDemo\entry\hvigorfile.ts
[2025-10-21T14:43:12.627] [DEBUG] debug-file - hvigorfile, require result:  { default: { plugins: [] } }
[2025-10-21T14:43:12.627] [DEBUG] debug-file - hvigorfile, binding system plugins null
[2025-10-21T14:43:12.629] [DEBUG] debug-file - failed to load cangjie to dynamically generate schemas: Error: Cannot find module '@ohos/cangjie-build-support/index'
Require stack:
- D:\Program Files\Huawei\DevEco Studio6.0\tools\hvigor\hvigor-ohos-plugin\src\plugin\factory\plugin-factory.js
- D:\Program Files\Huawei\DevEco Studio6.0\tools\hvigor\hvigor-ohos-plugin\index.js
- D:\Code-Sample\MyCode\form_formManager_xxy\code\DocsSample\Form\FormManagerDemo\hvigorfile.ts
- D:\Program Files\Huawei\DevEco Studio6.0\tools\hvigor\hvigor\src\base\internal\lifecycle\configuration.js
- D:\Program Files\Huawei\DevEco Studio6.0\tools\hvigor\hvigor\src\base\boot\index.js
- D:\Program Files\Huawei\DevEco Studio6.0\tools\hvigor\hvigor\src\base\daemon\cluster\worker-process-lifecycle.js
- D:\Program Files\Huawei\DevEco Studio6.0\tools\hvigor\hvigor\src\base\daemon\process\daemon-process-boot-script.js
[2025-10-21T14:43:12.647] [DEBUG] debug-file - Start initialize module-target build option map, moduleName=entry, buildMode=debug
[2025-10-21T14:43:12.647] [DEBUG] debug-file - Target 'default' config initialized
[2025-10-21T14:43:12.648] [DEBUG] debug-file - Target 'ohosTest' config initialized
[2025-10-21T14:43:12.649] [DEBUG] debug-file - Module 'entry' target 'default' build option initialized
[2025-10-21T14:43:12.649] [DEBUG] debug-file - Module 'entry' target 'ohosTest' build option initialized
[2025-10-21T14:43:12.649] [DEBUG] debug-file - End initialize module-target build option map, moduleName=entry
[2025-10-21T14:43:12.649] [DEBUG] debug-file - Start initialize module-target build option map, moduleName=entry, buildMode=release
[2025-10-21T14:43:12.649] [DEBUG] debug-file - Target 'default' config initialized
[2025-10-21T14:43:12.649] [DEBUG] debug-file - Target 'ohosTest' config initialized
[2025-10-21T14:43:12.650] [DEBUG] debug-file - Module 'entry' target 'default' build option initialized
[2025-10-21T14:43:12.650] [DEBUG] debug-file - Module 'entry' target 'ohosTest' build option initialized
[2025-10-21T14:43:12.650] [DEBUG] debug-file - End initialize module-target build option map, moduleName=entry
[2025-10-21T14:43:12.650] [DEBUG] debug-file - Start initialize module-target build option map, moduleName=entry, buildMode=debug
[2025-10-21T14:43:12.650] [DEBUG] debug-file - Target 'default' config initialized
[2025-10-21T14:43:12.651] [DEBUG] debug-file - Target 'ohosTest' config initialized
[2025-10-21T14:43:12.651] [DEBUG] debug-file - Module 'entry' target 'default' build option initialized
[2025-10-21T14:43:12.651] [DEBUG] debug-file - Module 'entry' target 'ohosTest' build option initialized
[2025-10-21T14:43:12.651] [DEBUG] debug-file - End initialize module-target build option map, moduleName=entry
[2025-10-21T14:43:12.651] [DEBUG] debug-file - Obtain build option for module 'entry' target 'default'in this build.
[2025-10-21T14:43:12.659] [DEBUG] debug-file - Module entry task initialization takes 7 ms 
[2025-10-21T14:43:12.660] [DEBUG] debug-file - hvigorfile, binding custom plugins []
[2025-10-21T14:43:12.660] [DEBUG] debug-file - hvigorfile, no custom plugins were found in D:\Code-Sample\MyCode\form_formManager_xxy\code\DocsSample\Form\FormManagerDemo\entry\hvigorfile.ts
[2025-10-21T14:43:12.660] [DEBUG] debug-file - hvigorfile, resolve finished D:\Code-Sample\MyCode\form_formManager_xxy\code\DocsSample\Form\FormManagerDemo\entry\hvigorfile.ts
[2025-10-21T14:43:12.696] [DEBUG] debug-file - hvigorfile, resolve hvigorfile dependencies in 35 ms 
[2025-10-21T14:43:12.696] [DEBUG] debug-file - project has submodules:entry
[2025-10-21T14:43:12.697] [DEBUG] debug-file - start to load updatedOhPackageInfo to the disk
[2025-10-21T14:43:12.703] [DEBUG] debug-file - load to the disk finished
[2025-10-21T14:43:12.704] [DEBUG] debug-file - Start to initialize dependency information.
[2025-10-21T14:43:12.714] [DEBUG] debug-file - Module FormManagerDemo Collected Dependency: 
[2025-10-21T14:43:12.714] [DEBUG] debug-file - Module FormManagerDemo's total dependency: 0
[2025-10-21T14:43:12.716] [DEBUG] debug-file - Start to initialize dependency information.
[2025-10-21T14:43:12.719] [DEBUG] debug-file - Module entry Collected Dependency: 
[2025-10-21T14:43:12.719] [DEBUG] debug-file - Module entry's total dependency: 0
[2025-10-21T14:43:12.724] [DEBUG] debug-file - Configuration phase cost:2 s 532 ms 
[2025-10-21T14:43:12.726] [DEBUG] debug-file - Configuration task cost before running: 2 s 546 ms 
[2025-10-21T14:43:12.727] [DEBUG] debug-file - Executing task :entry:clean
[2025-10-21T14:43:12.727] [DEBUG] debug-file - clean: Worker pool is inactive.
[2025-10-21T14:43:12.916] [DEBUG] debug-file - entry : clean cost memory 7.144233703613281
[2025-10-21T14:43:12.916] [DEBUG] debug-file - runTaskFromQueue task cost before running: 2 s 737 ms 
[2025-10-21T14:43:12.917] [INFO] debug-file - Finished :entry:clean... after 190 ms 
[2025-10-21T14:43:12.918] [DEBUG] debug-file - Executing task ::clean
[2025-10-21T14:43:12.918] [DEBUG] debug-file - clean: Worker pool is inactive.
[2025-10-21T14:43:12.918] [DEBUG] debug-file - FormManagerDemo : clean cost memory 0.0290374755859375
[2025-10-21T14:43:12.918] [DEBUG] debug-file - runTaskFromQueue task cost before running: 2 s 738 ms 
[2025-10-21T14:43:12.918] [INFO] debug-file - Finished ::clean... after 1 ms 
[2025-10-21T14:43:12.918] [DEBUG] debug-file - Executing task :entry:init
[2025-10-21T14:43:12.919] [DEBUG] debug-file - entry : init cost memory 0.01659393310546875
[2025-10-21T14:43:12.919] [DEBUG] debug-file - runTaskFromQueue task cost before running: 2 s 739 ms 
[2025-10-21T14:43:12.919] [INFO] debug-file - Finished :entry:init... after 1 ms 
[2025-10-21T14:43:12.919] [DEBUG] debug-file - Executing task ::init
[2025-10-21T14:43:12.919] [DEBUG] debug-file - FormManagerDemo : init cost memory 0.01544189453125
[2025-10-21T14:43:12.920] [DEBUG] debug-file - runTaskFromQueue task cost before running: 2 s 740 ms 
[2025-10-21T14:43:12.920] [INFO] debug-file - Finished ::init... after 1 ms 
[2025-10-21T14:43:12.934] [DEBUG] debug-file - Obtain build option for module 'entry' target 'default'in this build.
[2025-10-21T14:43:12.934] [DEBUG] debug-file - Obtain build option for module 'entry' target 'ohosTest'in this build.
[2025-10-21T14:43:12.944] [DEBUG] debug-file - session manager: send message to worker process.
[2025-10-21T14:43:12.945] [DEBUG] debug-file - session manager: send message to worker process.
[2025-10-21T14:43:12.946] [DEBUG] debug-file - Since there is no instance or instance is terminated, create a new worker pool.
[2025-10-21T14:43:12.946] [DEBUG] debug-file - Worker pool is initialized with config:  {
  minPoolNum: 2,
  maxPoolNum: undefined,
  maxCoreSize: undefined,
  cacheCapacity: undefined,
  cacheTtl: undefined
}
[2025-10-21T14:43:12.947] [DEBUG] debug-file - Create  resident worker with id: 0.
[2025-10-21T14:43:12.950] [DEBUG] debug-file - Create  resident worker with id: 1.
[2025-10-21T14:43:12.954] [DEBUG] debug-file - Cleanup worker 0.
[2025-10-21T14:43:12.954] [DEBUG] debug-file - Worker 0 has been cleaned up.
[2025-10-21T14:43:12.954] [DEBUG] debug-file - Current idle worker size: 1.
[2025-10-21T14:43:12.954] [DEBUG] debug-file - Current resident worker size: 2.
[2025-10-21T14:43:12.954] [DEBUG] debug-file - Cleanup worker 1.
[2025-10-21T14:43:12.954] [DEBUG] debug-file - Worker 1 has been cleaned up.
[2025-10-21T14:43:12.954] [DEBUG] debug-file - Current idle worker size: 0.
[2025-10-21T14:43:12.954] [DEBUG] debug-file - Current resident worker size: 2.
[2025-10-21T14:43:12.955] [DEBUG] debug-file - hvigor build process will be closed.
[2025-10-21T14:43:12.959] [DEBUG] debug-file - watch worker: worker id should be larger than 0. Nothing will be sent to any worker thread.
[2025-10-21T14:43:12.959] [DEBUG] debug-file - watch worker: worker id should be larger than 0. Nothing will be sent to any worker thread.
[2025-10-21T14:43:12.960] [DEBUG] debug-file - worker[0] exits with exit code 0.
[2025-10-21T14:43:12.961] [DEBUG] debug-file - worker[1] exits with exit code 0.
[2025-10-21T15:20:46.990] [DEBUG] debug-file - env: nodejsVersion=v18.20.1
[2025-10-21T15:20:48.456] [DEBUG] debug-file - Hvigor init with startParameters:{
  hvigorfileTypeCheck: false,
  parallelExecution: true,
  incrementalExecution: true,
  printStackTrace: false,
  daemon: false,
  analyze: 0,
  logLevel: Level { level: 20000, levelStr: 'INFO', colour: 'green' },
  optimizationStrategy: 'memory',
  hotCompile: undefined,
  hotReloadBuild: undefined
}
[2025-10-21T15:20:50.794] [DEBUG] debug-file - hvigorfile, require result:  { default: { system: [Function: appTasks], plugins: [] } }
[2025-10-21T15:20:51.029] [DEBUG] debug-file - Start initialize project's product build option map with build mode debug.
[2025-10-21T15:20:51.035] [DEBUG] debug-file - Obtain build option for product 'default'in this build.
[2025-10-21T15:20:51.053] [DEBUG] debug-file - Start recording SDK configuration permission data.
[2025-10-21T15:20:51.105] [DEBUG] debug-file - Project task initialization takes 7 ms 
[2025-10-21T15:20:51.133] [DEBUG] debug-file - Start initialize module-target build option map, moduleName=entry, buildMode=debug
[2025-10-21T15:20:51.146] [DEBUG] debug-file - project has submodules:entry
[2025-10-21T15:20:51.171] [DEBUG] debug-file - Start to initialize dependency information.
[2025-10-21T15:20:46.993] [DEBUG] debug-file - env: hvigor-config.json5 content = {
  modelVersion: '5.1.0',
  dependencies: {},
  execution: {},
  logging: {},
  debugging: {},
  nodeOptions: {}
}
[2025-10-21T15:20:51.217] [DEBUG] debug-file - Create  resident worker with id: 0.
[2025-10-21T15:20:48.458] [DEBUG] debug-file - Cache service initialization finished in 2 ms 
[2025-10-21T15:20:50.795] [DEBUG] debug-file - hvigorfile, binding system plugins [Function: appTasks]
[2025-10-21T15:20:51.029] [DEBUG] debug-file - Picking option from product 'default' with build mode 'debug'.
[2025-10-21T15:20:51.045] [DEBUG] debug-file - No signingConfig found, initRemoteHspCache failed.
[2025-10-21T15:20:51.096] [DEBUG] debug-file - Sdk init in 51 ms 
[2025-10-21T15:20:51.105] [DEBUG] debug-file - hvigorfile, binding custom plugins []
[2025-10-21T15:20:51.133] [DEBUG] debug-file - Target 'default' config initialized
[2025-10-21T15:20:51.148] [DEBUG] debug-file - start to load updatedOhPackageInfo to the disk
[2025-10-21T15:20:51.176] [DEBUG] debug-file - Module entry Collected Dependency: 
[2025-10-21T15:20:46.996] [DEBUG] debug-file - env: daemon=false
[2025-10-21T15:20:51.220] [DEBUG] debug-file - Create  resident worker with id: 1.
[2025-10-21T15:20:48.460] [DEBUG] debug-file - hvigorfile, resolving D:\Code-Sample\MyCode\form-formmanager-xxy\code\DocsSample\Form\FormManagerDemo\hvigorfile.ts
[2025-10-21T15:20:51.029] [DEBUG] debug-file - Product 'default' build option initialized
[2025-10-21T15:20:51.105] [DEBUG] debug-file - hvigorfile, no custom plugins were found in D:\Code-Sample\MyCode\form-formmanager-xxy\code\DocsSample\Form\FormManagerDemo\hvigorfile.ts
[2025-10-21T15:20:51.134] [DEBUG] debug-file - Target 'ohosTest' config initialized
[2025-10-21T15:20:51.155] [DEBUG] debug-file - load to the disk finished
[2025-10-21T15:20:51.176] [DEBUG] debug-file - Module entry's total dependency: 0
[2025-10-21T15:20:46.997] [DEBUG] debug-file - no-daemon, use the parent process.execArgv --max-old-space-size=8192,--max-semi-space-size=16,--expose-gc
[2025-10-21T15:20:51.222] [DEBUG] debug-file - Current worker pool is stopped or closed.
[2025-10-21T15:20:51.029] [DEBUG] debug-file - End initialize project's product build option map with build mode 'debug'.
[2025-10-21T15:20:51.105] [DEBUG] debug-file - hvigorfile, resolve finished D:\Code-Sample\MyCode\form-formmanager-xxy\code\DocsSample\Form\FormManagerDemo\hvigorfile.ts
[2025-10-21T15:20:51.134] [DEBUG] debug-file - Module 'entry' target 'default' build option initialized
[2025-10-21T15:20:51.156] [DEBUG] debug-file - Start to initialize dependency information.
[2025-10-21T15:20:51.181] [DEBUG] debug-file - Configuration phase cost:2 s 723 ms 
[2025-10-21T15:20:51.223] [DEBUG] debug-file - Clear worker 0.
[2025-10-21T15:20:51.106] [DEBUG] debug-file - hvigorfile, resolving D:\Code-Sample\MyCode\form-formmanager-xxy\code\DocsSample\Form\FormManagerDemo\entry\hvigorfile.ts
[2025-10-21T15:20:51.167] [DEBUG] debug-file - Module FormManagerDemo Collected Dependency: 
[2025-10-21T15:20:51.134] [DEBUG] debug-file - Module 'entry' target 'ohosTest' build option initialized
[2025-10-21T15:20:51.184] [DEBUG] debug-file - Configuration task cost before running: 2 s 739 ms 
[2025-10-21T15:20:51.223] [DEBUG] debug-file - Worker 0 has been cleared.
[2025-10-21T15:20:51.114] [DEBUG] debug-file - hvigorfile, require result:  { default: { system: [Function: hapTasks], plugins: [] } }
[2025-10-21T15:20:51.167] [DEBUG] debug-file - Module FormManagerDemo's total dependency: 0
[2025-10-21T15:20:51.135] [DEBUG] debug-file - End initialize module-target build option map, moduleName=entry
[2025-10-21T15:20:51.185] [DEBUG] debug-file - Executing task :entry:init
[2025-10-21T15:20:51.223] [DEBUG] debug-file - Current idle worker size: 1.
[2025-10-21T15:20:51.114] [DEBUG] debug-file - hvigorfile, binding system plugins [Function: hapTasks]
[2025-10-21T15:20:51.135] [DEBUG] debug-file - Start initialize module-target build option map, moduleName=entry, buildMode=release
[2025-10-21T15:20:51.185] [DEBUG] debug-file - entry : init cost memory 0.0141448974609375
[2025-10-21T15:20:51.223] [DEBUG] debug-file - Current busy worker size: 0.
[2025-10-21T15:20:51.115] [DEBUG] debug-file - failed to load cangjie to dynamically generate schemas: Error: Cannot find module '@ohos/cangjie-build-support/index'
Require stack:
- D:\Program Files\Huawei\DevEco Studio6.0\tools\hvigor\hvigor-ohos-plugin\src\plugin\factory\plugin-factory.js
- D:\Program Files\Huawei\DevEco Studio6.0\tools\hvigor\hvigor-ohos-plugin\index.js
- D:\Code-Sample\MyCode\form-formmanager-xxy\code\DocsSample\Form\FormManagerDemo\hvigorfile.ts
- D:\Program Files\Huawei\DevEco Studio6.0\tools\hvigor\hvigor\src\base\internal\lifecycle\configuration.js
- D:\Program Files\Huawei\DevEco Studio6.0\tools\hvigor\hvigor\src\base\boot\index.js
- D:\Program Files\Huawei\DevEco Studio6.0\tools\hvigor\hvigor\src\cli\main\cli.js
- D:\Program Files\Huawei\DevEco Studio6.0\tools\hvigor\hvigor\bin\hvigor.js
[2025-10-21T15:20:51.135] [DEBUG] debug-file - Target 'default' config initialized
[2025-10-21T15:20:51.185] [DEBUG] debug-file - runTaskFromQueue task cost before running: 2 s 740 ms 
[2025-10-21T15:20:51.223] [DEBUG] debug-file - Clear worker 1.
[2025-10-21T15:20:51.135] [DEBUG] debug-file - Target 'ohosTest' config initialized
[2025-10-21T15:20:51.186] [INFO] debug-file - Finished :entry:init... after 1 ms 
[2025-10-21T15:20:51.223] [DEBUG] debug-file - Worker 1 has been cleared.
[2025-10-21T15:20:51.136] [DEBUG] debug-file - Module 'entry' target 'default' build option initialized
[2025-10-21T15:20:51.187] [DEBUG] debug-file - Executing task ::init
[2025-10-21T15:20:51.136] [DEBUG] debug-file - Module 'entry' target 'ohosTest' build option initialized
[2025-10-21T15:20:51.223] [DEBUG] debug-file - Current idle worker size: 0.
[2025-10-21T15:20:51.187] [DEBUG] debug-file - FormManagerDemo : init cost memory 0.0114288330078125
[2025-10-21T15:20:51.136] [DEBUG] debug-file - End initialize module-target build option map, moduleName=entry
[2025-10-21T15:20:51.223] [DEBUG] debug-file - Current busy worker size: 0.
[2025-10-21T15:20:51.187] [DEBUG] debug-file - runTaskFromQueue task cost before running: 2 s 742 ms 
[2025-10-21T15:20:51.136] [DEBUG] debug-file - Start initialize module-target build option map, moduleName=entry, buildMode=debug
[2025-10-21T15:20:51.224] [DEBUG] debug-file - hvigor build process will be closed.
[2025-10-21T15:20:51.187] [INFO] debug-file - Finished ::init... after 1 ms 
[2025-10-21T15:20:51.136] [DEBUG] debug-file - Target 'default' config initialized
[2025-10-21T15:20:51.230] [DEBUG] debug-file - worker[0] exits with exit code 0.
[2025-10-21T15:20:51.202] [DEBUG] debug-file - Obtain build option for module 'entry' target 'default'in this build.
[2025-10-21T15:20:51.136] [DEBUG] debug-file - Target 'ohosTest' config initialized
[2025-10-21T15:20:51.230] [DEBUG] debug-file - worker[1] exits with exit code 0.
[2025-10-21T15:20:51.203] [DEBUG] debug-file - Obtain build option for module 'entry' target 'ohosTest'in this build.
[2025-10-21T15:20:51.137] [DEBUG] debug-file - Module 'entry' target 'default' build option initialized
[2025-10-21T15:20:51.234] [DEBUG] debug-file - Current worker pool is terminated.
[2025-10-21T15:20:51.215] [DEBUG] debug-file - Since there is no instance or instance is terminated, create a new worker pool.
[2025-10-21T15:20:51.137] [DEBUG] debug-file - Module 'entry' target 'ohosTest' build option initialized
[2025-10-21T15:20:51.215] [DEBUG] debug-file - Worker pool is initialized with config:  {
  minPoolNum: 2,
  maxPoolNum: undefined,
  maxCoreSize: undefined,
  cacheCapacity: undefined,
  cacheTtl: undefined
}
[2025-10-21T15:20:51.137] [DEBUG] debug-file - End initialize module-target build option map, moduleName=entry
[2025-10-21T15:20:51.137] [DEBUG] debug-file - Obtain build option for module 'entry' target 'default'in this build.
[2025-10-21T15:20:51.144] [DEBUG] debug-file - Module entry task initialization takes 7 ms 
[2025-10-21T15:20:51.145] [DEBUG] debug-file - hvigorfile, binding custom plugins []
[2025-10-21T15:20:51.145] [DEBUG] debug-file - hvigorfile, no custom plugins were found in D:\Code-Sample\MyCode\form-formmanager-xxy\code\DocsSample\Form\FormManagerDemo\entry\hvigorfile.ts
[2025-10-21T15:20:51.145] [DEBUG] debug-file - hvigorfile, resolve finished D:\Code-Sample\MyCode\form-formmanager-xxy\code\DocsSample\Form\FormManagerDemo\entry\hvigorfile.ts
