[2025-10-15T16:25:05.943] [DEBUG] debug-file - env: nodejsVersion=v18.20.1
[2025-10-15T16:25:08.828] [DEBUG] debug-file - Hvigor init with startParameters:{
  hvigorfileTypeCheck: false,
  parallelExecution: true,
  incrementalExecution: true,
  printStackTrace: false,
  daemon: false,
  analyze: 0,
  logLevel: Level { level: 20000, levelStr: 'INFO', colour: 'green' },
  optimizationStrategy: 'memory',
  hotCompile: undefined,
  hotReloadBuild: undefined
}
[2025-10-15T16:25:13.294] [DEBUG] debug-file - hvigorfile, require result:  { default: { system: [Function: appTasks], plugins: [] } }
[2025-10-15T16:25:13.720] [DEBUG] debug-file - Start initialize project's product build option map with build mode debug.
[2025-10-15T16:25:13.733] [DEBUG] debug-file - Obtain build option for product 'default'in this build.
[2025-10-15T16:25:13.828] [DEBUG] debug-file - Project task initialization takes 10 ms 
[2025-10-15T16:25:13.866] [DEBUG] debug-file - Start initialize module-target build option map, moduleName=entry, buildMode=debug
[2025-10-15T16:25:13.881] [DEBUG] debug-file - project has submodules:entry
[2025-10-15T16:25:05.959] [DEBUG] debug-file - env: hvigor-config.json5 content = {
  modelVersion: '5.1.1',
  dependencies: {},
  execution: {},
  logging: {},
  debugging: {},
  nodeOptions: {}
}
[2025-10-15T16:25:13.908] [DEBUG] debug-file - Start to initialize dependency information.
[2025-10-15T16:25:13.928] [DEBUG] debug-file - entry : clean cost memory 0.12641143798828125
[2025-10-15T16:25:08.829] [DEBUG] debug-file - Since current hvigor version 5.19.6 differs from last hvigor version 
      undefined, delete file-cache.json and task-cache.json.
[2025-10-15T16:25:13.766] [DEBUG] debug-file - Start recording SDK configuration permission data.
[2025-10-15T16:25:13.295] [DEBUG] debug-file - hvigorfile, binding system plugins [Function: appTasks]
[2025-10-15T16:25:13.720] [DEBUG] debug-file - Picking option from product 'default' with build mode 'debug'.
[2025-10-15T16:25:13.963] [DEBUG] debug-file - Create  resident worker with id: 0.
[2025-10-15T16:25:13.829] [DEBUG] debug-file - hvigorfile, binding custom plugins []
[2025-10-15T16:25:13.867] [DEBUG] debug-file - Target 'default' config initialized
[2025-10-15T16:25:13.883] [DEBUG] debug-file - start to load updatedOhPackageInfo to the disk
[2025-10-15T16:25:06.126] [DEBUG] debug-file - env: daemon=false
[2025-10-15T16:25:13.915] [DEBUG] debug-file - Module entry Collected Dependency: 
[2025-10-15T16:25:13.928] [DEBUG] debug-file - runTaskFromQueue task cost before running: 5 s 123 ms 
[2025-10-15T16:25:08.830] [DEBUG] debug-file - Cache service initialization finished in 1 ms 
[2025-10-15T16:25:13.815] [DEBUG] debug-file - Sdk init in 67 ms 
[2025-10-15T16:25:13.720] [DEBUG] debug-file - Product 'default' build option initialized
[2025-10-15T16:25:13.966] [DEBUG] debug-file - Create  resident worker with id: 1.
[2025-10-15T16:25:13.829] [DEBUG] debug-file - hvigorfile, no custom plugins were found in D:\work\network-Kit\all_project_pj_1011\applications_app_samples_network_1011\code\DocsSample\NetWork_Kit\NetWorkKit_NetManager\NetEap_case\hvigorfile.ts
[2025-10-15T16:25:13.867] [DEBUG] debug-file - Target 'ohosTest' config initialized
[2025-10-15T16:25:13.893] [DEBUG] debug-file - load to the disk finished
[2025-10-15T16:25:13.915] [DEBUG] debug-file - Module entry's total dependency: 0
[2025-10-15T16:25:06.126] [DEBUG] debug-file - no-daemon, use the parent process.execArgv --max-old-space-size=8192,--max-semi-space-size=16,--expose-gc
[2025-10-15T16:25:13.930] [INFO] debug-file - Finished :entry:clean... after 4 ms 
[2025-10-15T16:25:08.832] [DEBUG] debug-file - hvigorfile, resolving D:\work\network-Kit\all_project_pj_1011\applications_app_samples_network_1011\code\DocsSample\NetWork_Kit\NetWorkKit_NetManager\NetEap_case\hvigorfile.ts
[2025-10-15T16:25:13.720] [DEBUG] debug-file - End initialize project's product build option map with build mode 'debug'.
[2025-10-15T16:25:13.970] [DEBUG] debug-file - Current worker pool is stopped or closed.
[2025-10-15T16:25:13.829] [DEBUG] debug-file - hvigorfile, resolve finished D:\work\network-Kit\all_project_pj_1011\applications_app_samples_network_1011\code\DocsSample\NetWork_Kit\NetWorkKit_NetManager\NetEap_case\hvigorfile.ts
[2025-10-15T16:25:13.868] [DEBUG] debug-file - Module 'entry' target 'default' build option initialized
[2025-10-15T16:25:13.896] [DEBUG] debug-file - Start to initialize dependency information.
[2025-10-15T16:25:13.920] [DEBUG] debug-file - Configuration phase cost:5 s 90 ms 
[2025-10-15T16:25:13.930] [DEBUG] debug-file - Executing task ::clean
[2025-10-15T16:25:13.970] [DEBUG] debug-file - Clear worker 0.
[2025-10-15T16:25:13.830] [DEBUG] debug-file - hvigorfile, resolving D:\work\network-Kit\all_project_pj_1011\applications_app_samples_network_1011\code\DocsSample\NetWork_Kit\NetWorkKit_NetManager\NetEap_case\entry\hvigorfile.ts
[2025-10-15T16:25:13.868] [DEBUG] debug-file - Module 'entry' target 'ohosTest' build option initialized
[2025-10-15T16:25:13.904] [DEBUG] debug-file - Module NetEap_case Collected Dependency: 
[2025-10-15T16:25:13.924] [DEBUG] debug-file - Configuration task cost before running: 5 s 118 ms 
[2025-10-15T16:25:13.930] [DEBUG] debug-file - clean: Worker pool is inactive.
[2025-10-15T16:25:13.970] [DEBUG] debug-file - Worker 0 has been cleared.
[2025-10-15T16:25:13.839] [DEBUG] debug-file - hvigorfile, require result:  { default: { system: [Function: hapTasks], plugins: [] } }
[2025-10-15T16:25:13.868] [DEBUG] debug-file - End initialize module-target build option map, moduleName=entry
[2025-10-15T16:25:13.904] [DEBUG] debug-file - Module NetEap_case's total dependency: 0
[2025-10-15T16:25:13.925] [DEBUG] debug-file - Executing task :entry:clean
[2025-10-15T16:25:13.930] [DEBUG] debug-file - NetEap_case : clean cost memory 0.02202606201171875
[2025-10-15T16:25:13.970] [DEBUG] debug-file - Current idle worker size: 1.
[2025-10-15T16:25:13.839] [DEBUG] debug-file - hvigorfile, binding system plugins [Function: hapTasks]
[2025-10-15T16:25:13.868] [DEBUG] debug-file - Start initialize module-target build option map, moduleName=entry, buildMode=release
[2025-10-15T16:25:13.925] [DEBUG] debug-file - clean: Worker pool is inactive.
[2025-10-15T16:25:13.930] [DEBUG] debug-file - runTaskFromQueue task cost before running: 5 s 125 ms 
[2025-10-15T16:25:13.970] [DEBUG] debug-file - Current busy worker size: 0.
[2025-10-15T16:25:13.841] [DEBUG] debug-file - failed to load cangjie to dynamically generate schemas: Error: Cannot find module '@ohos/cangjie-build-support/index'
Require stack:
- C:\Program Files\Huawei\DevEco Studio\tools\hvigor\hvigor-ohos-plugin\src\plugin\factory\plugin-factory.js
- C:\Program Files\Huawei\DevEco Studio\tools\hvigor\hvigor-ohos-plugin\index.js
- D:\work\network-Kit\all_project_pj_1011\applications_app_samples_network_1011\code\DocsSample\NetWork_Kit\NetWorkKit_NetManager\NetEap_case\hvigorfile.ts
- C:\Program Files\Huawei\DevEco Studio\tools\hvigor\hvigor\src\base\internal\lifecycle\configuration.js
- C:\Program Files\Huawei\DevEco Studio\tools\hvigor\hvigor\src\base\boot\index.js
- C:\Program Files\Huawei\DevEco Studio\tools\hvigor\hvigor\src\cli\main\cli.js
- C:\Program Files\Huawei\DevEco Studio\tools\hvigor\hvigor\bin\hvigor.js
[2025-10-15T16:25:13.868] [DEBUG] debug-file - Target 'default' config initialized
[2025-10-15T16:25:13.931] [INFO] debug-file - Finished ::clean... after 1 ms 
[2025-10-15T16:25:13.970] [DEBUG] debug-file - Clear worker 1.
[2025-10-15T16:25:13.868] [DEBUG] debug-file - Target 'ohosTest' config initialized
[2025-10-15T16:25:13.931] [DEBUG] debug-file - Executing task :entry:init
[2025-10-15T16:25:13.970] [DEBUG] debug-file - Worker 1 has been cleared.
[2025-10-15T16:25:13.868] [DEBUG] debug-file - Module 'entry' target 'default' build option initialized
[2025-10-15T16:25:13.931] [DEBUG] debug-file - entry : init cost memory 0.01267242431640625
[2025-10-15T16:25:13.970] [DEBUG] debug-file - Current idle worker size: 0.
[2025-10-15T16:25:13.868] [DEBUG] debug-file - Module 'entry' target 'ohosTest' build option initialized
[2025-10-15T16:25:13.931] [DEBUG] debug-file - runTaskFromQueue task cost before running: 5 s 125 ms 
[2025-10-15T16:25:13.970] [DEBUG] debug-file - Current busy worker size: 0.
[2025-10-15T16:25:13.869] [DEBUG] debug-file - End initialize module-target build option map, moduleName=entry
[2025-10-15T16:25:13.931] [INFO] debug-file - Finished :entry:init... after 1 ms 
[2025-10-15T16:25:13.972] [DEBUG] debug-file - hvigor build process will be closed.
[2025-10-15T16:25:13.869] [DEBUG] debug-file - Start initialize module-target build option map, moduleName=entry, buildMode=debug
[2025-10-15T16:25:13.931] [DEBUG] debug-file - Executing task ::init
[2025-10-15T16:25:13.977] [DEBUG] debug-file - worker[0] exits with exit code 0.
[2025-10-15T16:25:13.869] [DEBUG] debug-file - Target 'default' config initialized
[2025-10-15T16:25:13.932] [DEBUG] debug-file - NetEap_case : init cost memory 0.01145172119140625
[2025-10-15T16:25:13.978] [DEBUG] debug-file - worker[1] exits with exit code 0.
[2025-10-15T16:25:13.869] [DEBUG] debug-file - Target 'ohosTest' config initialized
[2025-10-15T16:25:13.932] [DEBUG] debug-file - runTaskFromQueue task cost before running: 5 s 126 ms 
[2025-10-15T16:25:13.979] [DEBUG] debug-file - Current worker pool is terminated.
[2025-10-15T16:25:13.869] [DEBUG] debug-file - Module 'entry' target 'default' build option initialized
[2025-10-15T16:25:13.932] [INFO] debug-file - Finished ::init... after 1 ms 
[2025-10-15T16:25:13.869] [DEBUG] debug-file - Module 'entry' target 'ohosTest' build option initialized
[2025-10-15T16:25:13.869] [DEBUG] debug-file - End initialize module-target build option map, moduleName=entry
[2025-10-15T16:25:13.943] [DEBUG] debug-file - Obtain build option for module 'entry' target 'default'in this build.
[2025-10-15T16:25:13.870] [DEBUG] debug-file - Obtain build option for module 'entry' target 'default'in this build.
[2025-10-15T16:25:13.943] [DEBUG] debug-file - Obtain build option for module 'entry' target 'ohosTest'in this build.
[2025-10-15T16:25:13.878] [DEBUG] debug-file - Module entry task initialization takes 7 ms 
[2025-10-15T16:25:13.958] [DEBUG] debug-file - Since there is no instance or instance is terminated, create a new worker pool.
[2025-10-15T16:25:13.878] [DEBUG] debug-file - hvigorfile, binding custom plugins []
[2025-10-15T16:25:13.958] [DEBUG] debug-file - Worker pool is initialized with config:  {
  minPoolNum: 2,
  maxPoolNum: undefined,
  maxCoreSize: undefined,
  cacheCapacity: undefined,
  cacheTtl: undefined
}
[2025-10-15T16:25:13.878] [DEBUG] debug-file - hvigorfile, no custom plugins were found in D:\work\network-Kit\all_project_pj_1011\applications_app_samples_network_1011\code\DocsSample\NetWork_Kit\NetWorkKit_NetManager\NetEap_case\entry\hvigorfile.ts
[2025-10-15T16:25:13.878] [DEBUG] debug-file - hvigorfile, resolve finished D:\work\network-Kit\all_project_pj_1011\applications_app_samples_network_1011\code\DocsSample\NetWork_Kit\NetWorkKit_NetManager\NetEap_case\entry\hvigorfile.ts
